=====================================================================
CSE OHLCV COLLECTION PIPELINE - Sun Feb 15 09:06:32 +0530 2026
=====================================================================

STEP 1: Collecting CSE trade summary...
2026-02-15 09:06:32,305 - INFO - ======================================================================
2026-02-15 09:06:32,305 - INFO - CSE COLLECTOR - STEP 1
2026-02-15 09:06:32,305 - INFO - Time: 2026-02-15 09:06:32
2026-02-15 09:06:32,306 - INFO - ======================================================================
2026-02-15 09:06:32,306 - INFO - Setting up Chrome driver...
2026-02-15 09:06:32,306 - INFO - ====== WebDriver manager ======
2026-02-15 09:06:32,396 - INFO - Get LATEST chromedriver version for google-chrome
2026-02-15 09:06:32,957 - INFO - Get LATEST chromedriver version for google-chrome
2026-02-15 09:06:33,517 - INFO - Driver [/root/.wdm/drivers/chromedriver/linux64/143.0.7499.192/chromedriver-linux64/chromedriver] found in cache
2026-02-15 09:06:33,834 - INFO - Chrome driver ready
2026-02-15 09:06:33,834 - INFO - ======================================================================
2026-02-15 09:06:33,834 - INFO - DOWNLOADING CSE TRADE SUMMARY CSV
2026-02-15 09:06:33,834 - INFO - ======================================================================
2026-02-15 09:06:33,834 - INFO - Navigating to: https://www.cse.lk/equity/trade-summary
2026-02-15 09:06:39,249 - INFO - Page loaded
2026-02-15 09:06:39,419 - INFO - Screenshot: /opt/investment-os/services/data-collection/downloads/step1_page_loaded.png
2026-02-15 09:06:39,419 - INFO - 
2026-02-15 09:06:39,419 - INFO - STEP 1: Selecting 'All' entries...
2026-02-15 09:06:39,419 - INFO -    Using Prasad's simple logic: Click '25' -> Select last option
2026-02-15 09:06:39,419 - INFO -    Looking for '25' button...
2026-02-15 09:06:39,433 - INFO -    Found 'Show' text
2026-02-15 09:06:39,452 - INFO -    Found '25' button near 'Show'
2026-02-15 09:06:39,452 - INFO -    Clicking '25' to open dropdown...
2026-02-15 09:06:39,532 - INFO -    Clicked '25', dropdown should be open
2026-02-15 09:06:40,532 - INFO -    Looking for 'All' option in dropdown...
2026-02-15 09:06:40,542 - INFO -    Found 'All' option
2026-02-15 09:06:40,542 - INFO -    Clicking 'All' option...
2026-02-15 09:06:40,868 - INFO -    Selected 'All' entries!
2026-02-15 09:06:44,015 - INFO - Screenshot: /opt/investment-os/services/data-collection/downloads/step2_all_selected.png
2026-02-15 09:06:44,015 - INFO - 
2026-02-15 09:06:44,015 - INFO - STEP 2: Finding Download button...
2026-02-15 09:06:44,015 - INFO -    Using spatial triangulation (date/time anchor)...
2026-02-15 09:06:44,015 - INFO -    Strategy A: Finding date/time as anchor...
2026-02-15 09:06:44,030 - INFO -    Found date/time anchor
2026-02-15 09:06:44,051 - INFO -    Found Download button (near date/time)
2026-02-15 09:06:44,051 - INFO -    Clicking Download button...
2026-02-15 09:06:44,095 - INFO -    Clicked Download button
2026-02-15 09:06:46,251 - INFO - Screenshot: /opt/investment-os/services/data-collection/downloads/step3_clicked_download.png
2026-02-15 09:06:46,251 - INFO - 
2026-02-15 09:06:46,251 - INFO - STEP 3: Finding CSV option...
2026-02-15 09:06:46,251 - INFO -    Strategy A: Looking for dropdown menu...
2026-02-15 09:06:46,281 - INFO -    Strategy A failed: Message: no such element: Unable to locate element: {"method":"xpath","selector":"//a[contains(text(), 'CSV')] | //li[contains(text(), 'CSV')] | //div[contains(text(), 'CSV')]"}
  (Session info: chrome=143.0.7499.169); For documentation on this error, please visit: https://www.selenium.dev/documentation/webdriver/troubleshooting/errors#nosuchelementexception
Stacktrace:
#0 0x5c7a2919a40a <unknown>
#1 0x5c7a28bce76b <unknown>
#2 0x5c7a28c1fe88 <unknown>
#3 0x5c7a28c200c1 <unknown>
#4 0x5c7a28c6e2c4 <unknown>
#5 0x5c7a28c6b760 <unknown>
#6 0x5c7a28c127b2 <unknown>
#7 0x5c7a28c13461 <unknown>
#8 0x5c7a29162df9 <unknown>
#9 0x5c7a29165d5d <unknown>
#10 0x5c7a2914bb41 <unknown>
#11 0x5c7a2916693b <unknown>
#12 0x5c7a29132870 <unknown>
#13 0x5c7a29187828 <unknown>
#14 0x5c7a291879fc <unknown>
#15 0x5c7a29199763 <unknown>
#16 0x711f2ce9caa4 <unknown>
#17 0x711f2cf29c6c <unknown>

2026-02-15 09:06:46,281 - INFO -    Strategy B: Looking for CSV button...
2026-02-15 09:06:46,293 - INFO -    Found CSV button
2026-02-15 09:06:46,293 - INFO -    Clicking CSV option...
2026-02-15 09:06:46,348 - INFO -    Clicked CSV option
2026-02-15 09:06:46,348 - INFO - 
2026-02-15 09:06:46,348 - INFO -    Waiting for download to complete...
2026-02-15 09:06:46,349 - INFO -    Downloaded: trade-summary.csv (22,441 bytes)
2026-02-15 09:06:46,349 - INFO - 
2026-02-15 09:06:46,349 - INFO - ======================================================================
2026-02-15 09:06:46,349 - INFO - COLLECTION COMPLETE!
2026-02-15 09:06:46,349 - INFO - ======================================================================
2026-02-15 09:06:46,349 - INFO - File: /opt/investment-os/services/data-collection/downloads/trade-summary.csv
PASS: CSE collection successful

STEP 2: Processing prices...
2026-02-15 09:06:47,701 - INFO - ======================================================================
2026-02-15 09:06:47,701 - INFO - CSE PROCESSOR - STEP 2
2026-02-15 09:06:47,701 - INFO - Time: 2026-02-15 09:06:47
2026-02-15 09:06:47,701 - INFO - ======================================================================
2026-02-15 09:06:47,701 - INFO - ======================================================================
2026-02-15 09:06:47,701 - INFO - PROCESSING CSE CSV
2026-02-15 09:06:47,701 - INFO - ======================================================================
2026-02-15 09:06:47,701 - INFO - Input: trade-summary.csv
2026-02-15 09:06:47,703 - INFO - Original rows: 288
2026-02-15 09:06:47,703 - INFO - Original columns: ['Company Name', 'Symbol', 'Share Volume', 'Trade Volume', 'Previous Close (Rs.)', 'Open (Rs.)', 'High (Rs.)', 'Low (Rs.)', '**Last Trade (Rs.)', 'Change (Rs.)', 'Change (%)']
2026-02-15 09:06:47,707 - INFO - Processed: cse_prices_20260215_090647.csv
2026-02-15 09:06:47,707 - INFO - Final rows: 288
2026-02-15 09:06:47,707 - INFO - Final columns: ['symbol', 'price', 'open', 'high', 'low', 'previous_close', 'change_rs', 'change_pct', 'share_volume', 'trade_volume', 'collection_date', 'collection_timestamp']
2026-02-15 09:06:47,707 - INFO - 
Sample (first 5):
2026-02-15 09:06:47,710 - INFO -     symbol   price    open    high    low  previous_close  change_rs  change_pct  share_volume  trade_volume collection_date collection_timestamp
ABAN.N0000 1210.25 1278.00 1278.00 1200.0          1283.5     -73.25       -5.71          1301            51      2026-02-15  2026-02-15 09:06:47
AFSL.N0000   99.00  107.75  107.75   98.9           102.0      -3.00       -2.94         19096            65      2026-02-15  2026-02-15 09:06:47
 AEL.N0000   72.50   70.50   73.00   70.0            70.1       2.40        3.42        927008           380      2026-02-15  2026-02-15 09:06:47
 ACL.N0000   99.00   99.50   99.50   98.5            99.5      -0.50       -0.50        504997           361      2026-02-15  2026-02-15 09:06:47
APLA.N0000  170.25  170.50  176.75  170.0           174.5      -4.25       -2.44          9141            56      2026-02-15  2026-02-15 09:06:47
2026-02-15 09:06:47,710 - INFO - 
2026-02-15 09:06:47,710 - INFO - ======================================================================
2026-02-15 09:06:47,710 - INFO - PROCESSING COMPLETE!
2026-02-15 09:06:47,710 - INFO - ======================================================================
2026-02-15 09:06:47,710 - INFO - File: output/2026-02-15/cse_prices_20260215_090647.csv
PASS: CSE processing successful

STEP 3: Uploading to Supabase...
2026-02-15 09:06:48 | cse_ohlcv_uploader | INFO | 
2026-02-15 09:06:48 | cse_ohlcv_uploader | INFO | ======================================================================
2026-02-15 09:06:48 | cse_ohlcv_uploader | INFO | UPLOADING CSE PRICES TO SUPABASE
2026-02-15 09:06:48 | cse_ohlcv_uploader | INFO | ======================================================================
2026-02-15 09:06:48 | cse_ohlcv_uploader | INFO | File: output/2026-02-15/cse_prices_20260215_090647.csv
2026-02-15 09:06:48 | cse_ohlcv_uploader | INFO | Rows: 288
2026-02-15 09:06:48 | cse_ohlcv_uploader | INFO | Columns: ['symbol', 'price', 'open', 'high', 'low', 'previous_close', 'change_rs', 'change_pct', 'share_volume', 'trade_volume', 'collection_date', 'collection_timestamp']
2026-02-15 09:06:48 | cse_ohlcv_uploader | INFO | Uploading 288 prices in 3 batches...
2026-02-15 09:06:50 | cse_ohlcv_uploader | INFO |    Batch 1/3: 100 prices uploaded
2026-02-15 09:06:50 | cse_ohlcv_uploader | INFO |    Batch 2/3: 100 prices uploaded
2026-02-15 09:06:51 | cse_ohlcv_uploader | INFO |    Batch 3/3: 88 prices uploaded
2026-02-15 09:06:51 | cse_ohlcv_uploader | INFO | 
2026-02-15 09:06:51 | cse_ohlcv_uploader | INFO | ======================================================================
2026-02-15 09:06:51 | cse_ohlcv_uploader | INFO | UPLOAD SUMMARY
2026-02-15 09:06:51 | cse_ohlcv_uploader | INFO | ======================================================================
2026-02-15 09:06:51 | cse_ohlcv_uploader | INFO | Success: 288 prices
2026-02-15 09:06:51 | cse_ohlcv_uploader | INFO | Errors: 0 prices
2026-02-15 09:06:51 | cse_ohlcv_uploader | INFO | Total: 288 prices
2026-02-15 09:06:51 | cse_ohlcv_uploader | INFO | ALL PRICES UPLOADED SUCCESSFULLY!
2026-02-15 09:06:51 | cse_ohlcv_uploader | INFO | 
2026-02-15 09:06:51 | cse_ohlcv_uploader | INFO | ======================================================================
2026-02-15 09:06:51 | cse_ohlcv_uploader | INFO | CSE PRICE UPLOAD COMPLETE!
2026-02-15 09:06:51 | cse_ohlcv_uploader | INFO | ======================================================================
2026-02-15 09:06:51 | cse_ohlcv_uploader | INFO | Table: cse_daily_prices
2026-02-15 09:06:51 | cse_ohlcv_uploader | INFO | Runtime: ~5 seconds
2026-02-15 09:06:51 | cse_ohlcv_uploader | INFO | ======================================================================
PASS: CSE upload successful

=====================================================================
CSE OHLCV COLLECTION COMPLETE - Sun Feb 15 09:06:51 +0530 2026
Runtime: ~30 seconds
=====================================================================
