2026-02-15 16:08:17,066 - INFO - ======================================================================
2026-02-15 16:08:17,066 - INFO - CSV DOWNLOAD (SPATIAL TRIANGULATION)
2026-02-15 16:08:17,066 - INFO - Time: 2026-02-15 16:08:17
2026-02-15 16:08:17,066 - INFO - ======================================================================
2026-02-15 16:08:17,066 - INFO - Setting up Chrome driver...
2026-02-15 16:08:17,066 - INFO - ====== WebDriver manager ======
2026-02-15 16:08:17,574 - INFO - Get LATEST chromedriver version for google-chrome
2026-02-15 16:08:18,161 - INFO - Get LATEST chromedriver version for google-chrome
2026-02-15 16:08:18,715 - INFO - Driver [/root/.wdm/drivers/chromedriver/linux64/143.0.7499.192/chromedriver-linux64/chromedriver] found in cache
2026-02-15 16:08:19,606 - INFO - Chrome driver ready
2026-02-15 16:08:19,606 - INFO - Download directory: /opt/investment-os/services/data-collection/downloads
2026-02-15 16:08:19,606 - INFO - Logging in to StockAnalysis.com...
2026-02-15 16:08:31,748 - INFO - Login successful
2026-02-15 16:08:31,748 - INFO - Post-login URL: https://stockanalysis.com/#
2026-02-15 16:08:31,748 - INFO - ======================================================================
2026-02-15 16:08:31,748 - INFO - DOWNLOADING CSV (SPATIAL TRIANGULATION)
2026-02-15 16:08:31,748 - INFO - ======================================================================
2026-02-15 16:08:31,748 - INFO - Going to: https://stockanalysis.com/watchlist/
2026-02-15 16:08:37,312 - INFO - Looking for 'Daily_Price' tab...
2026-02-15 16:08:37,326 - INFO -    Found Daily_Price tab
2026-02-15 16:08:37,411 - INFO -    Clicked Daily_Price tab
2026-02-15 16:08:40,412 - INFO - Using spatial triangulation to find Options...
2026-02-15 16:08:40,412 - INFO -    Hint: Options is next to 'Chart View' button
2026-02-15 16:08:40,437 - INFO -    Found Chart View anchor
2026-02-15 16:08:40,454 - INFO -    Found Options (Strategy 2: near Chart View)
2026-02-15 16:08:40,454 - INFO -    Clicking Options dropdown...
2026-02-15 16:08:40,506 - INFO -    Options dropdown opened
2026-02-15 16:08:41,507 - INFO - Looking for 'Download to CSV' option...
2026-02-15 16:08:41,542 - INFO -    Found Download to CSV
2026-02-15 16:08:41,587 - INFO -    Clicked Download to CSV
2026-02-15 16:08:41,587 - INFO -    Waiting for download to complete...
2026-02-15 16:08:42,588 - INFO -    Download complete! (2s, 6430 bytes)
2026-02-15 16:08:42,588 - INFO - 
2026-02-15 16:08:42,588 - INFO - ======================================================================
2026-02-15 16:08:42,588 - INFO - PROCESSING DOWNLOADED CSV
2026-02-15 16:08:42,588 - INFO - ======================================================================
2026-02-15 16:08:42,588 - INFO - Input file: My-Watchlist.csv
2026-02-15 16:08:42,595 - INFO - Original rows: 296
2026-02-15 16:08:42,596 - INFO - Original columns: ['Symbol', 'Stock Price']
2026-02-15 16:08:42,598 - INFO -    Fixed ATLN suffix (ATLN -> ATLN.N0000)
2026-02-15 16:08:42,602 - INFO - Processed and saved: prices_20260215_160842.csv
2026-02-15 16:08:42,602 - INFO - Final rows: 296
2026-02-15 16:08:42,602 - INFO - 
2026-02-15 16:08:42,602 - INFO - Sample (first 10):
2026-02-15 16:08:42,604 - INFO -     symbol  price       date     time           timestamp
 ACL.N0000   99.0 2026-02-15 16:08:42 2026-02-15 16:08:42
 ATL.N0000   24.2 2026-02-15 16:08:42 2026-02-15 16:08:42
YORK.N0000   16.1 2026-02-15 16:08:42 2026-02-15 16:08:42
WIND.N0000   48.1 2026-02-15 16:08:42 2026-02-15 16:08:42
WATA.N0000   46.0 2026-02-15 16:08:42 2026-02-15 16:08:42
WAPO.N0000  120.0 2026-02-15 16:08:42 2026-02-15 16:08:42
VPEL.N0000   16.9 2026-02-15 16:08:42 2026-02-15 16:08:42
VONE.N0000  107.5 2026-02-15 16:08:42 2026-02-15 16:08:42
 VLL.X0000   18.2 2026-02-15 16:08:42 2026-02-15 16:08:42
 VLL.N0000   22.2 2026-02-15 16:08:42 2026-02-15 16:08:42
2026-02-15 16:08:42,604 - INFO - 
2026-02-15 16:08:42,604 - INFO - Last 5:
2026-02-15 16:08:42,605 - INFO -     symbol   price       date     time           timestamp
LGIL.N0000    8.70 2026-02-15 16:08:42 2026-02-15 16:08:42
LOFC.N0000    5.80 2026-02-15 16:08:42 2026-02-15 16:08:42
 CTC.N0000 1744.75 2026-02-15 16:08:42 2026-02-15 16:08:42
LOLC.N0000  580.00 2026-02-15 16:08:42 2026-02-15 16:08:42
 JKH.N0000   22.10 2026-02-15 16:08:42 2026-02-15 16:08:42
2026-02-15 16:08:42,605 - INFO - 
2026-02-15 16:08:42,605 - INFO - ======================================================================
2026-02-15 16:08:42,605 - INFO - COLLECTION COMPLETE!
2026-02-15 16:08:42,605 - INFO - ======================================================================
2026-02-15 16:08:42,606 - INFO - File: output/2026-02-15/prices_20260215_160842.csv
2026-02-15 16:08:42,606 - INFO - ======================================================================
2026-02-15 16:08:42,606 - INFO - 
Closing browser...
